<?xml version="1.0" encoding="UTF-8"?>
<testsuite xmlns:xsi="http://www.w3.org/2001/XMLSchema-instance" xsi:noNamespaceSchemaLocation="https://maven.apache.org/surefire/maven-surefire-plugin/xsd/surefire-test-report.xsd" name="TestSuite" time="97.973" tests="4" errors="0" skipped="0" failures="2">
  <properties>
    <property name="sun.desktop" value="windows"/>
    <property name="awt.toolkit" value="sun.awt.windows.WToolkit"/>
    <property name="file.encoding.pkg" value="sun.io"/>
    <property name="java.specification.version" value="1.8"/>
    <property name="sun.cpu.isalist" value="amd64"/>
    <property name="sun.jnu.encoding" value="Cp1251"/>
    <property name="java.class.path" value="D:\gitHabRepo\sashabaliuk\selenide\target\test-classes;D:\gitHabRepo\sashabaliuk\selenide\target\classes;C:\Users\Oleksandra_Baliuk\.m2\repository\com\codeborne\selenide\4.10\selenide-4.10.jar;C:\Users\Oleksandra_Baliuk\.m2\repository\io\github\bonigarcia\webdrivermanager\2.0.1\webdrivermanager-2.0.1.jar;C:\Users\Oleksandra_Baliuk\.m2\repository\org\slf4j\slf4j-api\1.7.24\slf4j-api-1.7.24.jar;C:\Users\Oleksandra_Baliuk\.m2\repository\commons-io\commons-io\2.5\commons-io-2.5.jar;C:\Users\Oleksandra_Baliuk\.m2\repository\org\apache\httpcomponents\httpclient\4.5.3\httpclient-4.5.3.jar;C:\Users\Oleksandra_Baliuk\.m2\repository\org\rauschig\jarchivelib\0.7.1\jarchivelib-0.7.1.jar;C:\Users\Oleksandra_Baliuk\.m2\repository\org\apache\commons\commons-compress\1.9\commons-compress-1.9.jar;C:\Users\Oleksandra_Baliuk\.m2\repository\org\jsoup\jsoup\1.10.2\jsoup-1.10.2.jar;C:\Users\Oleksandra_Baliuk\.m2\repository\org\apache\httpcomponents\httpcore\4.4.8\httpcore-4.4.8.jar;C:\Users\Oleksandra_Baliuk\.m2\repository\org\seleniumhq\selenium\selenium-java\3.8.1\selenium-java-3.8.1.jar;C:\Users\Oleksandra_Baliuk\.m2\repository\org\seleniumhq\selenium\selenium-api\3.8.1\selenium-api-3.8.1.jar;C:\Users\Oleksandra_Baliuk\.m2\repository\org\seleniumhq\selenium\selenium-chrome-driver\3.8.1\selenium-chrome-driver-3.8.1.jar;C:\Users\Oleksandra_Baliuk\.m2\repository\org\seleniumhq\selenium\selenium-edge-driver\3.8.1\selenium-edge-driver-3.8.1.jar;C:\Users\Oleksandra_Baliuk\.m2\repository\org\seleniumhq\selenium\selenium-firefox-driver\3.8.1\selenium-firefox-driver-3.8.1.jar;C:\Users\Oleksandra_Baliuk\.m2\repository\org\seleniumhq\selenium\selenium-ie-driver\3.8.1\selenium-ie-driver-3.8.1.jar;C:\Users\Oleksandra_Baliuk\.m2\repository\org\seleniumhq\selenium\selenium-opera-driver\3.8.1\selenium-opera-driver-3.8.1.jar;C:\Users\Oleksandra_Baliuk\.m2\repository\org\seleniumhq\selenium\selenium-remote-driver\3.8.1\selenium-remote-driver-3.8.1.jar;C:\Users\Oleksandra_Baliuk\.m2\repository\org\seleniumhq\selenium\selenium-support\3.8.1\selenium-support-3.8.1.jar;C:\Users\Oleksandra_Baliuk\.m2\repository\net\bytebuddy\byte-buddy\1.7.5\byte-buddy-1.7.5.jar;C:\Users\Oleksandra_Baliuk\.m2\repository\org\apache\commons\commons-exec\1.3\commons-exec-1.3.jar;C:\Users\Oleksandra_Baliuk\.m2\repository\commons-logging\commons-logging\1.2\commons-logging-1.2.jar;C:\Users\Oleksandra_Baliuk\.m2\repository\com\google\code\gson\gson\2.8.2\gson-2.8.2.jar;C:\Users\Oleksandra_Baliuk\.m2\repository\com\google\guava\guava\23.6-jre\guava-23.6-jre.jar;C:\Users\Oleksandra_Baliuk\.m2\repository\com\google\code\findbugs\jsr305\1.3.9\jsr305-1.3.9.jar;C:\Users\Oleksandra_Baliuk\.m2\repository\org\checkerframework\checker-compat-qual\2.0.0\checker-compat-qual-2.0.0.jar;C:\Users\Oleksandra_Baliuk\.m2\repository\com\google\errorprone\error_prone_annotations\2.1.3\error_prone_annotations-2.1.3.jar;C:\Users\Oleksandra_Baliuk\.m2\repository\com\google\j2objc\j2objc-annotations\1.1\j2objc-annotations-1.1.jar;C:\Users\Oleksandra_Baliuk\.m2\repository\org\codehaus\mojo\animal-sniffer-annotations\1.14\animal-sniffer-annotations-1.14.jar;C:\Users\Oleksandra_Baliuk\.m2\repository\net\lightbody\bmp\browsermob-core\2.1.5\browsermob-core-2.1.5.jar;C:\Users\Oleksandra_Baliuk\.m2\repository\net\lightbody\bmp\littleproxy\1.1.0-beta-bmp-17\littleproxy-1.1.0-beta-bmp-17.jar;C:\Users\Oleksandra_Baliuk\.m2\repository\com\fasterxml\jackson\core\jackson-core\2.8.9\jackson-core-2.8.9.jar;C:\Users\Oleksandra_Baliuk\.m2\repository\com\fasterxml\jackson\core\jackson-databind\2.8.9\jackson-databind-2.8.9.jar;C:\Users\Oleksandra_Baliuk\.m2\repository\com\fasterxml\jackson\core\jackson-annotations\2.8.9\jackson-annotations-2.8.9.jar;C:\Users\Oleksandra_Baliuk\.m2\repository\dnsjava\dnsjava\2.1.8\dnsjava-2.1.8.jar;C:\Users\Oleksandra_Baliuk\.m2\repository\org\slf4j\jcl-over-slf4j\1.7.25\jcl-over-slf4j-1.7.25.jar;C:\Users\Oleksandra_Baliuk\.m2\repository\com\jcraft\jzlib\1.1.3\jzlib-1.1.3.jar;C:\Users\Oleksandra_Baliuk\.m2\repository\io\netty\netty-all\4.0.51.Final\netty-all-4.0.51.Final.jar;C:\Users\Oleksandra_Baliuk\.m2\repository\org\bouncycastle\bcprov-jdk15on\1.58\bcprov-jdk15on-1.58.jar;C:\Users\Oleksandra_Baliuk\.m2\repository\org\bouncycastle\bcpkix-jdk15on\1.58\bcpkix-jdk15on-1.58.jar;C:\Users\Oleksandra_Baliuk\.m2\repository\net\lightbody\bmp\mitm\2.1.5\mitm-2.1.5.jar;C:\Users\Oleksandra_Baliuk\.m2\repository\com\codeborne\phantomjsdriver\1.4.4\phantomjsdriver-1.4.4.jar;C:\Users\Oleksandra_Baliuk\.m2\repository\commons-codec\commons-codec\1.11\commons-codec-1.11.jar;C:\Users\Oleksandra_Baliuk\.m2\repository\org\testng\testng\6.13.1\testng-6.13.1.jar;C:\Users\Oleksandra_Baliuk\.m2\repository\com\beust\jcommander\1.72\jcommander-1.72.jar;C:\Users\Oleksandra_Baliuk\.m2\repository\org\projectlombok\lombok\1.16.20\lombok-1.16.20.jar;C:\Users\Oleksandra_Baliuk\.m2\repository\ru\yandex\qatools\htmlelements\htmlelements-java\1.18\htmlelements-java-1.18.jar;C:\Users\Oleksandra_Baliuk\.m2\repository\org\apache\commons\commons-lang3\3.4\commons-lang3-3.4.jar;C:\Users\Oleksandra_Baliuk\.m2\repository\org\apache\maven\surefire\surefire-testng-utils\2.20.1\surefire-testng-utils-2.20.1.jar;C:\Users\Oleksandra_Baliuk\.m2\repository\org\apache\maven\surefire\surefire-grouper\2.20.1\surefire-grouper-2.20.1.jar;"/>
    <property name="java.vm.vendor" value="Oracle Corporation"/>
    <property name="sun.arch.data.model" value="64"/>
    <property name="user.variant" value=""/>
    <property name="java.vendor.url" value="http://java.oracle.com/"/>
    <property name="user.timezone" value=""/>
    <property name="java.vm.specification.version" value="1.8"/>
    <property name="os.name" value="Windows 10"/>
    <property name="user.country" value="US"/>
    <property name="sun.java.launcher" value="SUN_STANDARD"/>
    <property name="sun.boot.library.path" value="C:\Program Files\Java\jdk1.8.0_152\jre\bin"/>
    <property name="sun.java.command" value="C:\Users\OLEKSA~1\AppData\Local\Temp\surefire1700685806602620741\surefirebooter3816543856670514109.jar C:\Users\Oleksandra_Baliuk\AppData\Local\Temp\surefire1700685806602620741 2018-02-06T17-35-31_302-jvmRun1 surefire2690261055720119984tmp surefire_04687372485471574967tmp"/>
    <property name="surefire.test.class.path" value="D:\gitHabRepo\sashabaliuk\selenide\target\test-classes;D:\gitHabRepo\sashabaliuk\selenide\target\classes;C:\Users\Oleksandra_Baliuk\.m2\repository\com\codeborne\selenide\4.10\selenide-4.10.jar;C:\Users\Oleksandra_Baliuk\.m2\repository\io\github\bonigarcia\webdrivermanager\2.0.1\webdrivermanager-2.0.1.jar;C:\Users\Oleksandra_Baliuk\.m2\repository\org\slf4j\slf4j-api\1.7.24\slf4j-api-1.7.24.jar;C:\Users\Oleksandra_Baliuk\.m2\repository\commons-io\commons-io\2.5\commons-io-2.5.jar;C:\Users\Oleksandra_Baliuk\.m2\repository\org\apache\httpcomponents\httpclient\4.5.3\httpclient-4.5.3.jar;C:\Users\Oleksandra_Baliuk\.m2\repository\org\rauschig\jarchivelib\0.7.1\jarchivelib-0.7.1.jar;C:\Users\Oleksandra_Baliuk\.m2\repository\org\apache\commons\commons-compress\1.9\commons-compress-1.9.jar;C:\Users\Oleksandra_Baliuk\.m2\repository\org\jsoup\jsoup\1.10.2\jsoup-1.10.2.jar;C:\Users\Oleksandra_Baliuk\.m2\repository\org\apache\httpcomponents\httpcore\4.4.8\httpcore-4.4.8.jar;C:\Users\Oleksandra_Baliuk\.m2\repository\org\seleniumhq\selenium\selenium-java\3.8.1\selenium-java-3.8.1.jar;C:\Users\Oleksandra_Baliuk\.m2\repository\org\seleniumhq\selenium\selenium-api\3.8.1\selenium-api-3.8.1.jar;C:\Users\Oleksandra_Baliuk\.m2\repository\org\seleniumhq\selenium\selenium-chrome-driver\3.8.1\selenium-chrome-driver-3.8.1.jar;C:\Users\Oleksandra_Baliuk\.m2\repository\org\seleniumhq\selenium\selenium-edge-driver\3.8.1\selenium-edge-driver-3.8.1.jar;C:\Users\Oleksandra_Baliuk\.m2\repository\org\seleniumhq\selenium\selenium-firefox-driver\3.8.1\selenium-firefox-driver-3.8.1.jar;C:\Users\Oleksandra_Baliuk\.m2\repository\org\seleniumhq\selenium\selenium-ie-driver\3.8.1\selenium-ie-driver-3.8.1.jar;C:\Users\Oleksandra_Baliuk\.m2\repository\org\seleniumhq\selenium\selenium-opera-driver\3.8.1\selenium-opera-driver-3.8.1.jar;C:\Users\Oleksandra_Baliuk\.m2\repository\org\seleniumhq\selenium\selenium-remote-driver\3.8.1\selenium-remote-driver-3.8.1.jar;C:\Users\Oleksandra_Baliuk\.m2\repository\org\seleniumhq\selenium\selenium-support\3.8.1\selenium-support-3.8.1.jar;C:\Users\Oleksandra_Baliuk\.m2\repository\net\bytebuddy\byte-buddy\1.7.5\byte-buddy-1.7.5.jar;C:\Users\Oleksandra_Baliuk\.m2\repository\org\apache\commons\commons-exec\1.3\commons-exec-1.3.jar;C:\Users\Oleksandra_Baliuk\.m2\repository\commons-logging\commons-logging\1.2\commons-logging-1.2.jar;C:\Users\Oleksandra_Baliuk\.m2\repository\com\google\code\gson\gson\2.8.2\gson-2.8.2.jar;C:\Users\Oleksandra_Baliuk\.m2\repository\com\google\guava\guava\23.6-jre\guava-23.6-jre.jar;C:\Users\Oleksandra_Baliuk\.m2\repository\com\google\code\findbugs\jsr305\1.3.9\jsr305-1.3.9.jar;C:\Users\Oleksandra_Baliuk\.m2\repository\org\checkerframework\checker-compat-qual\2.0.0\checker-compat-qual-2.0.0.jar;C:\Users\Oleksandra_Baliuk\.m2\repository\com\google\errorprone\error_prone_annotations\2.1.3\error_prone_annotations-2.1.3.jar;C:\Users\Oleksandra_Baliuk\.m2\repository\com\google\j2objc\j2objc-annotations\1.1\j2objc-annotations-1.1.jar;C:\Users\Oleksandra_Baliuk\.m2\repository\org\codehaus\mojo\animal-sniffer-annotations\1.14\animal-sniffer-annotations-1.14.jar;C:\Users\Oleksandra_Baliuk\.m2\repository\net\lightbody\bmp\browsermob-core\2.1.5\browsermob-core-2.1.5.jar;C:\Users\Oleksandra_Baliuk\.m2\repository\net\lightbody\bmp\littleproxy\1.1.0-beta-bmp-17\littleproxy-1.1.0-beta-bmp-17.jar;C:\Users\Oleksandra_Baliuk\.m2\repository\com\fasterxml\jackson\core\jackson-core\2.8.9\jackson-core-2.8.9.jar;C:\Users\Oleksandra_Baliuk\.m2\repository\com\fasterxml\jackson\core\jackson-databind\2.8.9\jackson-databind-2.8.9.jar;C:\Users\Oleksandra_Baliuk\.m2\repository\com\fasterxml\jackson\core\jackson-annotations\2.8.9\jackson-annotations-2.8.9.jar;C:\Users\Oleksandra_Baliuk\.m2\repository\dnsjava\dnsjava\2.1.8\dnsjava-2.1.8.jar;C:\Users\Oleksandra_Baliuk\.m2\repository\org\slf4j\jcl-over-slf4j\1.7.25\jcl-over-slf4j-1.7.25.jar;C:\Users\Oleksandra_Baliuk\.m2\repository\com\jcraft\jzlib\1.1.3\jzlib-1.1.3.jar;C:\Users\Oleksandra_Baliuk\.m2\repository\io\netty\netty-all\4.0.51.Final\netty-all-4.0.51.Final.jar;C:\Users\Oleksandra_Baliuk\.m2\repository\org\bouncycastle\bcprov-jdk15on\1.58\bcprov-jdk15on-1.58.jar;C:\Users\Oleksandra_Baliuk\.m2\repository\org\bouncycastle\bcpkix-jdk15on\1.58\bcpkix-jdk15on-1.58.jar;C:\Users\Oleksandra_Baliuk\.m2\repository\net\lightbody\bmp\mitm\2.1.5\mitm-2.1.5.jar;C:\Users\Oleksandra_Baliuk\.m2\repository\com\codeborne\phantomjsdriver\1.4.4\phantomjsdriver-1.4.4.jar;C:\Users\Oleksandra_Baliuk\.m2\repository\commons-codec\commons-codec\1.11\commons-codec-1.11.jar;C:\Users\Oleksandra_Baliuk\.m2\repository\org\testng\testng\6.13.1\testng-6.13.1.jar;C:\Users\Oleksandra_Baliuk\.m2\repository\com\beust\jcommander\1.72\jcommander-1.72.jar;C:\Users\Oleksandra_Baliuk\.m2\repository\org\projectlombok\lombok\1.16.20\lombok-1.16.20.jar;C:\Users\Oleksandra_Baliuk\.m2\repository\ru\yandex\qatools\htmlelements\htmlelements-java\1.18\htmlelements-java-1.18.jar;C:\Users\Oleksandra_Baliuk\.m2\repository\org\apache\commons\commons-lang3\3.4\commons-lang3-3.4.jar;C:\Users\Oleksandra_Baliuk\.m2\repository\org\apache\maven\surefire\surefire-testng-utils\2.20.1\surefire-testng-utils-2.20.1.jar;C:\Users\Oleksandra_Baliuk\.m2\repository\org\apache\maven\surefire\surefire-grouper\2.20.1\surefire-grouper-2.20.1.jar;"/>
    <property name="sun.cpu.endian" value="little"/>
    <property name="user.home" value="C:\Users\Oleksandra_Baliuk"/>
    <property name="user.language" value="en"/>
    <property name="java.specification.vendor" value="Oracle Corporation"/>
    <property name="suiteFile" value="TestSuite.xml"/>
    <property name="java.home" value="C:\Program Files\Java\jdk1.8.0_152\jre"/>
    <property name="basedir" value="D:\gitHabRepo\sashabaliuk\selenide"/>
    <property name="file.separator" value="\"/>
    <property name="line.separator" value="&#10;"/>
    <property name="java.vm.specification.vendor" value="Oracle Corporation"/>
    <property name="java.specification.name" value="Java Platform API Specification"/>
    <property name="java.awt.graphicsenv" value="sun.awt.Win32GraphicsEnvironment"/>
    <property name="surefire.real.class.path" value="C:\Users\OLEKSA~1\AppData\Local\Temp\surefire1700685806602620741\surefirebooter3816543856670514109.jar"/>
    <property name="sun.boot.class.path" value="C:\Program Files\Java\jdk1.8.0_152\jre\lib\resources.jar;C:\Program Files\Java\jdk1.8.0_152\jre\lib\rt.jar;C:\Program Files\Java\jdk1.8.0_152\jre\lib\sunrsasign.jar;C:\Program Files\Java\jdk1.8.0_152\jre\lib\jsse.jar;C:\Program Files\Java\jdk1.8.0_152\jre\lib\jce.jar;C:\Program Files\Java\jdk1.8.0_152\jre\lib\charsets.jar;C:\Program Files\Java\jdk1.8.0_152\jre\lib\jfr.jar;C:\Program Files\Java\jdk1.8.0_152\jre\classes"/>
    <property name="user.script" value=""/>
    <property name="sun.management.compiler" value="HotSpot 64-Bit Tiered Compilers"/>
    <property name="java.runtime.version" value="1.8.0_152-b16"/>
    <property name="user.name" value="Oleksandra_Baliuk"/>
    <property name="path.separator" value=";"/>
    <property name="os.version" value="10.0"/>
    <property name="java.endorsed.dirs" value="C:\Program Files\Java\jdk1.8.0_152\jre\lib\endorsed"/>
    <property name="java.runtime.name" value="Java(TM) SE Runtime Environment"/>
    <property name="file.encoding" value="Cp1251"/>
    <property name="java.vm.name" value="Java HotSpot(TM) 64-Bit Server VM"/>
    <property name="localRepository" value="C:\Users\Oleksandra_Baliuk\.m2\repository"/>
    <property name="java.vendor.url.bug" value="http://bugreport.sun.com/bugreport/"/>
    <property name="java.io.tmpdir" value="C:\Users\OLEKSA~1\AppData\Local\Temp\"/>
    <property name="java.version" value="1.8.0_152"/>
    <property name="user.dir" value="D:\gitHabRepo\sashabaliuk\selenide"/>
    <property name="os.arch" value="amd64"/>
    <property name="java.vm.specification.name" value="Java Virtual Machine Specification"/>
    <property name="java.awt.printerjob" value="sun.awt.windows.WPrinterJob"/>
    <property name="sun.os.patch.level" value=""/>
    <property name="java.library.path" value="C:\Program Files\Java\jdk1.8.0_152\jre\bin;C:\WINDOWS\Sun\Java\bin;C:\WINDOWS\system32;C:\WINDOWS;C:\ProgramData\Oracle\Java\javapath;C:\WINDOWS\system32;C:\WINDOWS;C:\WINDOWS\System32\Wbem;C:\WINDOWS\System32\WindowsPowerShell\v1.0\;C:\Program Files\TortoiseSVN\bin;C:\Program Files (x86)\Microsoft SQL Server\110\Tools\Binn\;C:\Program Files\Microsoft SQL Server\110\Tools\Binn\;C:\Program Files\Microsoft SQL Server\110\DTS\Binn\;C:\Program Files (x86)\Microsoft SQL Server\110\Tools\Binn\ManagementStudio\;C:\Program Files (x86)\Microsoft SQL Server\110\DTS\Binn\;C:\Program Files\TortoiseGit\bin;C:\Program Files\Perforce\;C:\Program Files\MySQL\MySQL Utilities 1.6\;C:\Program Files\apache-maven-3.5.2\bin;C:\Users\Oleksandra_Baliuk\AppData\Local\Microsoft\WindowsApps;C:\Users\Oleksandra_Baliuk\AppData\Local\Programs\Git\cmd;C:\ProgramData\Oracle\Java\javapath;;."/>
    <property name="java.vm.info" value="mixed mode"/>
    <property name="java.vendor" value="Oracle Corporation"/>
    <property name="java.vm.version" value="25.152-b16"/>
    <property name="java.ext.dirs" value="C:\Program Files\Java\jdk1.8.0_152\jre\lib\ext;C:\WINDOWS\Sun\Java\lib\ext"/>
    <property name="sun.io.unicode.encoding" value="UnicodeLittle"/>
    <property name="java.class.version" value="52.0"/>
  </properties>
  <testcase name="searchWithCorrectData" classname="SearchTests" time="6.59"/>
  <testcase name="searchWithIncorrectData" classname="SearchTests" time="1.593"/>
  <testcase name="searchByProductCategory" classname="SearchTests" time="11.877">
    <failure message="Element not found {By.className: //li[@class=&apos;item&apos;]}&#10;Expected: visible" type="com.codeborne.selenide.ex.ElementNotFound">com.codeborne.selenide.ex.ElementNotFound: 
Element not found {By.className: //li[@class='item']}
Expected: visible
	at SearchTests.searchByProductCategory(SearchTests.java:39)
Caused by: java.lang.IndexOutOfBoundsException: Index: 2, Size: 0
	at SearchTests.searchByProductCategory(SearchTests.java:39)
</failure>
    <system-err><![CDATA[1517931395221	Marionette	DEBUG	Received DOM event "beforeunload" for "https://leboutique.com/catalog?query=%25%25%25%26%26%26%23%23%23&dest=global"
1517931395512	Marionette	DEBUG	Received DOM event "pagehide" for "https://leboutique.com/catalog?query=%25%25%25%26%26%26%23%23%23&dest=global"
1517931395513	Marionette	DEBUG	Received DOM event "unload" for "https://leboutique.com/catalog?query=%25%25%25%26%26%26%23%23%23&dest=global"
1517931396360	Marionette	DEBUG	Received DOM event "DOMContentLoaded" for "https://leboutique.com/"
1517931398526	Marionette	DEBUG	Received DOM event "pageshow" for "https://leboutique.com/"
1517931398908	Marionette	DEBUG	Received DOM event "beforeunload" for "https://leboutique.com/"
1517931399025	Marionette	DEBUG	Received observer notification "outer-window-destroyed" for "4294967387"
1517931399060	Marionette	DEBUG	Received observer notification "outer-window-destroyed" for "4294967389"
1517931399356	Marionette	DEBUG	Received DOM event "pagehide" for "https://leboutique.com/"
1517931399357	Marionette	DEBUG	Received DOM event "unload" for "https://leboutique.com/"
1517931401112	Marionette	DEBUG	Received observer notification "outer-window-destroyed" for "4294967366"
1517931401115	Marionette	DEBUG	Received observer notification "outer-window-destroyed" for "4294967368"
1517931401121	Marionette	DEBUG	Received observer notification "outer-window-destroyed" for "4294967370"
1517931401123	Marionette	DEBUG	Received observer notification "outer-window-destroyed" for "4294967372"
1517931401124	Marionette	DEBUG	Received observer notification "outer-window-destroyed" for "4294967373"
1517931401126	Marionette	DEBUG	Received observer notification "outer-window-destroyed" for "4294967377"
1517931401127	Marionette	DEBUG	Received observer notification "outer-window-destroyed" for "4294967383"
1517931401128	Marionette	DEBUG	Received observer notification "outer-window-destroyed" for "4294967380"
1517931401129	Marionette	DEBUG	Received observer notification "outer-window-destroyed" for "4294967385"
1517931401892	Marionette	DEBUG	Received DOM event "DOMContentLoaded" for "https://leboutique.com/catalog/women/dress"
1517931405010	Marionette	DEBUG	Received DOM event "pageshow" for "https://leboutique.com/catalog/women/dress"
]]></system-err>
  </testcase>
  <testcase name="searchByProductCategoryWithAdditionalParameters" classname="SearchTests" time="13.363">
    <failure message="Element not found {By.className: //li[@class=&apos;item&apos;]}&#10;Expected: visible" type="com.codeborne.selenide.ex.ElementNotFound">com.codeborne.selenide.ex.ElementNotFound: 
Element not found {By.className: //li[@class='item']}
Expected: visible
	at SearchTests.searchByProductCategoryWithAdditionalParameters(SearchTests.java:48)
Caused by: java.lang.IndexOutOfBoundsException: Index: 0, Size: 0
	at SearchTests.searchByProductCategoryWithAdditionalParameters(SearchTests.java:48)
</failure>
    <system-err><![CDATA[1517931410512	Marionette	DEBUG	Received DOM event "beforeunload" for "https://leboutique.com/catalog/women/dress"
1517931410693	Marionette	DEBUG	Received DOM event "pagehide" for "https://leboutique.com/catalog/women/dress"
1517931410750	Marionette	DEBUG	Received DOM event "unload" for "https://leboutique.com/catalog/women/dress"
1517931411525	Marionette	DEBUG	Received observer notification "outer-window-destroyed" for "4294967402"
1517931411525	Marionette	DEBUG	Received observer notification "outer-window-destroyed" for "4294967394"
1517931411526	Marionette	DEBUG	Received observer notification "outer-window-destroyed" for "4294967396"
1517931411527	Marionette	DEBUG	Received observer notification "outer-window-destroyed" for "4294967398"
1517931411527	Marionette	DEBUG	Received observer notification "outer-window-destroyed" for "4294967400"
1517931411528	Marionette	DEBUG	Received observer notification "outer-window-destroyed" for "4294967404"
1517931411529	Marionette	DEBUG	Received observer notification "outer-window-destroyed" for "4294967409"
1517931411529	Marionette	DEBUG	Received observer notification "outer-window-destroyed" for "4294967411"
1517931411530	Marionette	DEBUG	Received observer notification "outer-window-destroyed" for "4294967419"
1517931411531	Marionette	DEBUG	Received observer notification "outer-window-destroyed" for "4294967414"
1517931412448	Marionette	DEBUG	Received DOM event "DOMContentLoaded" for "https://leboutique.com/"
1517931412898	Marionette	DEBUG	Received DOM event "pageshow" for "https://leboutique.com/"
1517931413529	Marionette	DEBUG	Received DOM event "beforeunload" for "https://leboutique.com/"
JavaScript error: , line 0: uncaught exception: [object Object]
JavaScript error: , line 0: uncaught exception: [object Object]
1517931413712	Marionette	DEBUG	Received DOM event "pagehide" for "https://leboutique.com/"
1517931413714	Marionette	DEBUG	Received DOM event "unload" for "https://leboutique.com/"
1517931414661	Marionette	DEBUG	Received observer notification "outer-window-destroyed" for "4294967429"
1517931414661	Marionette	DEBUG	Received observer notification "outer-window-destroyed" for "4294967431"
1517931414662	Marionette	DEBUG	Received observer notification "outer-window-destroyed" for "4294967433"
1517931414663	Marionette	DEBUG	Received observer notification "outer-window-destroyed" for "4294967435"
1517931414663	Marionette	DEBUG	Received observer notification "outer-window-destroyed" for "4294967437"
1517931414664	Marionette	DEBUG	Received observer notification "outer-window-destroyed" for "4294967440"
1517931415522	Marionette	DEBUG	Received DOM event "DOMContentLoaded" for "https://leboutique.com/catalog/women/dress"
1517931416520	Marionette	DEBUG	Received DOM event "pageshow" for "https://leboutique.com/catalog/women/dress"
1517931417565	Marionette	DEBUG	Received DOM event "beforeunload" for "https://leboutique.com/catalog/women/dress"
1517931417975	Marionette	DEBUG	Received DOM event "pagehide" for "https://leboutique.com/catalog/women/dress"
1517931418012	Marionette	DEBUG	Received DOM event "unload" for "https://leboutique.com/catalog/women/dress"
1517931419910	Marionette	DEBUG	Received observer notification "outer-window-destroyed" for "4294967453"
1517931419911	Marionette	DEBUG	Received observer notification "outer-window-destroyed" for "4294967445"
1517931419912	Marionette	DEBUG	Received observer notification "outer-window-destroyed" for "4294967447"
1517931419913	Marionette	DEBUG	Received observer notification "outer-window-destroyed" for "4294967449"
1517931419913	Marionette	DEBUG	Received observer notification "outer-window-destroyed" for "4294967466"
1517931419915	Marionette	DEBUG	Received observer notification "outer-window-destroyed" for "4294967451"
1517931419916	Marionette	DEBUG	Received observer notification "outer-window-destroyed" for "4294967455"
1517931419917	Marionette	DEBUG	Received observer notification "outer-window-destroyed" for "4294967459"
1517931419918	Marionette	DEBUG	Received observer notification "outer-window-destroyed" for "4294967462"
1517931420504	Marionette	DEBUG	Received DOM event "DOMContentLoaded" for "https://leboutique.com/catalog/women/dress?p=-1500"
1517931421186	Marionette	DEBUG	Received DOM event "pageshow" for "https://leboutique.com/catalog/women/dress?p=-1500"
]]></system-err>
  </testcase>
</testsuite>