<?xml version="1.0" encoding="UTF-8"?>
<!-- Generated by org.testng.reporters.JUnitReportReporter -->
<testsuite skipped="0" hostname="EPUAKHAW5257" name="SearchTests" tests="4" failures="0" timestamp="29 Jan 2018 08:46:56 GMT" time="32.419" errors="0">
  <testcase name="searchWithIncorrectData" time="4.630" classname="SearchTests"/>
  <testcase name="searchByProductCategory" time="8.829" classname="SearchTests"/>
  <testcase name="searchByProductCategoryWithAdditionalParameters" time="12.795" classname="SearchTests"/>
  <testcase name="searchWithCorrectData" time="6.165" classname="SearchTests"/>
</testsuite> <!-- SearchTests -->
